
> vibe-generated-app@1.0.0 dev
> vite


  VITE v5.4.20  ready in 550 ms

  ➜  Local:   http://localhost:3000/
  ➜  Network: http://172.20.6.93:3000/
4:37:36 PM [vite] Pre-transform error: Transform failed with 1 error:
/home/workspace/src/components/DatasetPreview.jsx:30:21: ERROR: Expected "=>" but found "n"
4:37:37 PM [vite] Internal server error: Transform failed with 1 error:
/home/workspace/src/components/DatasetPreview.jsx:30:21: ERROR: Expected "=>" but found "n"
  Plugin: vite:esbuild
  File: /home/workspace/src/components/DatasetPreview.jsx:30:21
  
  Expected "=>" but found "n"
  28 |    }, [sources]);
  29 |  
  30 |    const download = ()n  => {
     |                       ^
  31 |      const csv = toCSV(rows);
  32 |      const blob = new Blob([csv], { type: "text/csv;charset=utf-8;" });
  
      at failureErrorWithLog (/home/workspace/node_modules/esbuild/lib/main.js:1472:15)
      at /home/workspace/node_modules/esbuild/lib/main.js:755:50
      at responseCallbacks.<computed> (/home/workspace/node_modules/esbuild/lib/main.js:622:9)
      at handleIncomingPacket (/home/workspace/node_modules/esbuild/lib/main.js:677:12)
      at Socket.readFromStdout (/home/workspace/node_modules/esbuild/lib/main.js:600:7)
      at Socket.emit (node:events:508:28)
      at addChunk (node:internal/streams/readable:559:12)
      at readableAddChunkPushByteMode (node:internal/streams/readable:510:3)
      at Readable.push (node:internal/streams/readable:390:5)
      at Pipe.onStreamRead (node:internal/stream_base_commons:189:23)
4:38:04 PM [vite] Internal server error: Transform failed with 1 error:
/home/workspace/src/components/DatasetPreview.jsx:30:21: ERROR: Expected "=>" but found "n"
  Plugin: vite:esbuild
  File: /home/workspace/src/components/DatasetPreview.jsx:30:21
  
  Expected "=>" but found "n"
  28 |    }, [sources]);
  29 |  
  30 |    const download = ()n  => {
     |                       ^
  31 |      const csv = toCSV(rows);
  32 |      const blob = new Blob([csv], { type: "text/csv;charset=utf-8;" });
  
      at failureErrorWithLog (/home/workspace/node_modules/esbuild/lib/main.js:1472:15)
      at /home/workspace/node_modules/esbuild/lib/main.js:755:50
      at responseCallbacks.<computed> (/home/workspace/node_modules/esbuild/lib/main.js:622:9)
      at handleIncomingPacket (/home/workspace/node_modules/esbuild/lib/main.js:677:12)
      at Socket.readFromStdout (/home/workspace/node_modules/esbuild/lib/main.js:600:7)
      at Socket.emit (node:events:508:28)
      at addChunk (node:internal/streams/readable:559:12)
      at readableAddChunkPushByteMode (node:internal/streams/readable:510:3)
      at Readable.push (node:internal/streams/readable:390:5)
      at Pipe.onStreamRead (node:internal/stream_base_commons:189:23)
